INFO [acme.Launcher] Starting Launcher using Java 1.8.0_261 on LAPTOP-3FUDP7BP with PID 8196 (C:\Users\isave\Workspace-21.1\Projects\Acme-Jobs\target\classes started by isave in C:\Users\isave\Workspace-21.1\Projects\Acme-Jobs)
INFO [acme.Launcher] The following profiles are active: development,populator
INFO [acme.Launcher] Started Launcher in 11.262 seconds (JVM running for 12.193)
INFO [acme.framework.utilities.DatabasePopulator] Populating sample data
INFO [acme.framework.utilities.DatabasePopulator] Recreating schema
INFO [acme.framework.utilities.DatabasePopulator] Populating entities from classpath:/WEB-INF/population/initial-data.xml
INFO [acme.framework.utilities.DatabasePopulator] Validating your entities.
INFO [acme.framework.utilities.DatabasePopulator] Validating anonymousUserAccount ... PASS
INFO [acme.framework.utilities.DatabasePopulator] Validating anonymousAnonymous ... PASS
INFO [acme.framework.utilities.DatabasePopulator] Validating administratorUserAccount ... PASS
INFO [acme.framework.utilities.DatabasePopulator] Validating administratorAdministrator ... PASS
INFO [acme.framework.utilities.DatabasePopulator] Validating administratorAuthenticated ... PASS
INFO [acme.framework.utilities.DatabasePopulator] Sorting your entities topologically.
INFO [acme.framework.utilities.DatabasePopulator] > Setting index 0 for anonymousUserAccount.
INFO [acme.framework.utilities.DatabasePopulator] > Setting index 1 for anonymousAnonymous.
INFO [acme.framework.utilities.DatabasePopulator] > Setting index 2 for administratorUserAccount.
INFO [acme.framework.utilities.DatabasePopulator] > Setting index 3 for administratorAdministrator.
INFO [acme.framework.utilities.DatabasePopulator] > Setting index 4 for administratorAuthenticated.
INFO [acme.framework.utilities.DatabasePopulator] Persiting your entities.
INFO [acme.framework.utilities.DatabasePopulator] > Persisting anonymousUserAccount = acme.framework.entities.UserAccount{id=1, version=0}
INFO [acme.framework.utilities.DatabasePopulator] > Persisting anonymousAnonymous = acme.framework.entities.Anonymous{id=2, version=0}
INFO [acme.framework.utilities.DatabasePopulator] > Persisting administratorUserAccount = acme.framework.entities.UserAccount{id=3, version=0}
INFO [acme.framework.utilities.DatabasePopulator] > Persisting administratorAdministrator = acme.framework.entities.Administrator{id=4, version=0}
INFO [acme.framework.utilities.DatabasePopulator] > Persisting administratorAuthenticated = acme.framework.entities.Authenticated{id=5, version=0}
INFO [acme.framework.utilities.DatabasePopulator] Populating entities from classpath:/WEB-INF/population/sample-data.xml
INFO [acme.framework.configuration.ShutdownConfiguration] The system is shutting down...
INFO [acme.Launcher] Starting Launcher using Java 1.8.0_261 on LAPTOP-3FUDP7BP with PID 11976 (C:\Users\isave\Workspace-21.1\Projects\Acme-Jobs\target\classes started by isave in C:\Users\isave\Workspace-21.1\Projects\Acme-Jobs)
INFO [acme.Launcher] The following profiles are active: development,populator
INFO [acme.Launcher] Started Launcher in 14.441 seconds (JVM running for 15.559)
INFO [acme.framework.utilities.DatabasePopulator] Populating initial data
INFO [acme.framework.utilities.DatabasePopulator] Recreating schema
INFO [acme.framework.utilities.DatabasePopulator] Populating entities from classpath:/WEB-INF/population/initial-data.xml
INFO [acme.framework.utilities.DatabasePopulator] Validating your entities.
INFO [acme.framework.utilities.DatabasePopulator] Validating anonymousUserAccount ... PASS
INFO [acme.framework.utilities.DatabasePopulator] Validating anonymousAnonymous ... PASS
INFO [acme.framework.utilities.DatabasePopulator] Validating administratorUserAccount ... PASS
INFO [acme.framework.utilities.DatabasePopulator] Validating administratorAdministrator ... PASS
INFO [acme.framework.utilities.DatabasePopulator] Validating administratorAuthenticated ... PASS
INFO [acme.framework.utilities.DatabasePopulator] Sorting your entities topologically.
INFO [acme.framework.utilities.DatabasePopulator] > Setting index 0 for anonymousUserAccount.
INFO [acme.framework.utilities.DatabasePopulator] > Setting index 1 for anonymousAnonymous.
INFO [acme.framework.utilities.DatabasePopulator] > Setting index 2 for administratorUserAccount.
INFO [acme.framework.utilities.DatabasePopulator] > Setting index 3 for administratorAdministrator.
INFO [acme.framework.utilities.DatabasePopulator] > Setting index 4 for administratorAuthenticated.
INFO [acme.framework.utilities.DatabasePopulator] Persiting your entities.
INFO [acme.framework.utilities.DatabasePopulator] > Persisting anonymousUserAccount = acme.framework.entities.UserAccount{id=1, version=0}
INFO [acme.framework.utilities.DatabasePopulator] > Persisting anonymousAnonymous = acme.framework.entities.Anonymous{id=2, version=0}
INFO [acme.framework.utilities.DatabasePopulator] > Persisting administratorUserAccount = acme.framework.entities.UserAccount{id=3, version=0}
INFO [acme.framework.utilities.DatabasePopulator] > Persisting administratorAdministrator = acme.framework.entities.Administrator{id=4, version=0}
INFO [acme.framework.utilities.DatabasePopulator] > Persisting administratorAuthenticated = acme.framework.entities.Authenticated{id=5, version=0}
INFO [acme.framework.configuration.ShutdownConfiguration] The system is shutting down...
INFO [acme.Launcher] Starting Launcher using Java 1.8.0_261 on LAPTOP-3FUDP7BP with PID 7808 (C:\Users\isave\Workspace-21.1\Projects\Acme-Jobs\target\classes started by isave in C:\Users\isave\Workspace-21.1\Projects\Acme-Jobs)
INFO [acme.Launcher] The following profiles are active: development,populator
INFO [acme.Launcher] Started Launcher in 14.797 seconds (JVM running for 15.767)
INFO [acme.framework.utilities.DatabasePopulator] Populating sample data
INFO [acme.framework.utilities.DatabasePopulator] Recreating schema
INFO [acme.framework.utilities.DatabasePopulator] Populating entities from classpath:/WEB-INF/population/initial-data.xml
INFO [acme.framework.utilities.DatabasePopulator] Validating your entities.
INFO [acme.framework.utilities.DatabasePopulator] Validating anonymousUserAccount ... PASS
INFO [acme.framework.utilities.DatabasePopulator] Validating anonymousAnonymous ... PASS
INFO [acme.framework.utilities.DatabasePopulator] Validating administratorUserAccount ... PASS
INFO [acme.framework.utilities.DatabasePopulator] Validating administratorAdministrator ... PASS
INFO [acme.framework.utilities.DatabasePopulator] Validating administratorAuthenticated ... PASS
INFO [acme.framework.utilities.DatabasePopulator] Sorting your entities topologically.
INFO [acme.framework.utilities.DatabasePopulator] > Setting index 0 for anonymousUserAccount.
INFO [acme.framework.utilities.DatabasePopulator] > Setting index 1 for anonymousAnonymous.
INFO [acme.framework.utilities.DatabasePopulator] > Setting index 2 for administratorUserAccount.
INFO [acme.framework.utilities.DatabasePopulator] > Setting index 3 for administratorAdministrator.
INFO [acme.framework.utilities.DatabasePopulator] > Setting index 4 for administratorAuthenticated.
INFO [acme.framework.utilities.DatabasePopulator] Persiting your entities.
INFO [acme.framework.utilities.DatabasePopulator] > Persisting anonymousUserAccount = acme.framework.entities.UserAccount{id=1, version=0}
INFO [acme.framework.utilities.DatabasePopulator] > Persisting anonymousAnonymous = acme.framework.entities.Anonymous{id=2, version=0}
INFO [acme.framework.utilities.DatabasePopulator] > Persisting administratorUserAccount = acme.framework.entities.UserAccount{id=3, version=0}
INFO [acme.framework.utilities.DatabasePopulator] > Persisting administratorAdministrator = acme.framework.entities.Administrator{id=4, version=0}
INFO [acme.framework.utilities.DatabasePopulator] > Persisting administratorAuthenticated = acme.framework.entities.Authenticated{id=5, version=0}
INFO [acme.framework.utilities.DatabasePopulator] Populating entities from classpath:/WEB-INF/population/sample-data.xml
INFO [acme.framework.configuration.ShutdownConfiguration] The system is shutting down...
INFO [acme.Launcher] Starting Launcher using Java 1.8.0_261 on LAPTOP-3FUDP7BP with PID 7520 (C:\Users\isave\Workspace-21.1\Projects\Acme-Jobs\target\classes started by isave in C:\Users\isave\Workspace-21.1\Projects\Acme-Jobs)
INFO [acme.Launcher] The following profiles are active: development,populator
INFO [acme.Launcher] Started Launcher in 12.788 seconds (JVM running for 13.6)
INFO [acme.framework.utilities.DatabasePopulator] Populating sample data
INFO [acme.framework.utilities.DatabasePopulator] Recreating schema
INFO [acme.framework.utilities.DatabasePopulator] Populating entities from classpath:/WEB-INF/population/initial-data.xml
INFO [acme.framework.utilities.DatabasePopulator] Validating your entities.
INFO [acme.framework.utilities.DatabasePopulator] Validating anonymousUserAccount ... PASS
INFO [acme.framework.utilities.DatabasePopulator] Validating anonymousAnonymous ... PASS
INFO [acme.framework.utilities.DatabasePopulator] Validating administratorUserAccount ... PASS
INFO [acme.framework.utilities.DatabasePopulator] Validating administratorAdministrator ... PASS
INFO [acme.framework.utilities.DatabasePopulator] Validating administratorAuthenticated ... PASS
INFO [acme.framework.utilities.DatabasePopulator] Sorting your entities topologically.
INFO [acme.framework.utilities.DatabasePopulator] > Setting index 0 for anonymousUserAccount.
INFO [acme.framework.utilities.DatabasePopulator] > Setting index 1 for anonymousAnonymous.
INFO [acme.framework.utilities.DatabasePopulator] > Setting index 2 for administratorUserAccount.
INFO [acme.framework.utilities.DatabasePopulator] > Setting index 3 for administratorAdministrator.
INFO [acme.framework.utilities.DatabasePopulator] > Setting index 4 for administratorAuthenticated.
INFO [acme.framework.utilities.DatabasePopulator] Persiting your entities.
INFO [acme.framework.utilities.DatabasePopulator] > Persisting anonymousUserAccount = acme.framework.entities.UserAccount{id=1, version=0}
INFO [acme.framework.utilities.DatabasePopulator] > Persisting anonymousAnonymous = acme.framework.entities.Anonymous{id=2, version=0}
INFO [acme.framework.utilities.DatabasePopulator] > Persisting administratorUserAccount = acme.framework.entities.UserAccount{id=3, version=0}
INFO [acme.framework.utilities.DatabasePopulator] > Persisting administratorAdministrator = acme.framework.entities.Administrator{id=4, version=0}
INFO [acme.framework.utilities.DatabasePopulator] > Persisting administratorAuthenticated = acme.framework.entities.Authenticated{id=5, version=0}
INFO [acme.framework.utilities.DatabasePopulator] Populating entities from classpath:/WEB-INF/population/sample-data.xml
INFO [acme.framework.utilities.DatabasePopulator] Validating your entities.
INFO [acme.framework.utilities.DatabasePopulator] Validating employer1UserAccount ... PASS
INFO [acme.framework.utilities.DatabasePopulator] Validating employer1Employer ... PASS
INFO [acme.framework.utilities.DatabasePopulator] Validating employer1Authenticated ... PASS
INFO [acme.framework.utilities.DatabasePopulator] Validating employer2UserAccount ... PASS
INFO [acme.framework.utilities.DatabasePopulator] Validating employer2Employer ... PASS
INFO [acme.framework.utilities.DatabasePopulator] Validating employer2Authenticated ... PASS
INFO [acme.framework.utilities.DatabasePopulator] Validating worker1UserAccount ... PASS
INFO [acme.framework.utilities.DatabasePopulator] Validating worker1Employer ... PASS
INFO [acme.framework.utilities.DatabasePopulator] Validating worker1Authenticated ... PASS
INFO [acme.framework.utilities.DatabasePopulator] Validating job1 ... PASS
INFO [acme.framework.utilities.DatabasePopulator] Validating job2 ... PASS
INFO [acme.framework.utilities.DatabasePopulator] Validating job3 ... PASS
INFO [acme.framework.utilities.DatabasePopulator] Validating job4 ... PASS
INFO [acme.framework.utilities.DatabasePopulator] Validating application1 ... PASS
INFO [acme.framework.utilities.DatabasePopulator] Validating banner1 ... PASS
INFO [acme.framework.utilities.DatabasePopulator] Validating banner2 ... PASS
INFO [acme.framework.utilities.DatabasePopulator] Validating banner3 ... PASS
INFO [acme.framework.utilities.DatabasePopulator] Validating banner4 ... PASS
INFO [acme.framework.utilities.DatabasePopulator] Validating banner5 ... PASS
INFO [acme.framework.utilities.DatabasePopulator] Sorting your entities topologically.
INFO [acme.framework.utilities.DatabasePopulator] > Setting index 0 for employer1UserAccount.
INFO [acme.framework.utilities.DatabasePopulator] > Setting index 1 for employer1Employer.
INFO [acme.framework.utilities.DatabasePopulator] > Setting index 2 for employer1Authenticated.
INFO [acme.framework.utilities.DatabasePopulator] > Setting index 3 for employer2UserAccount.
INFO [acme.framework.utilities.DatabasePopulator] > Setting index 4 for employer2Employer.
INFO [acme.framework.utilities.DatabasePopulator] > Setting index 5 for employer2Authenticated.
INFO [acme.framework.utilities.DatabasePopulator] > Setting index 6 for worker1UserAccount.
INFO [acme.framework.utilities.DatabasePopulator] > Setting index 7 for worker1Employer.
INFO [acme.framework.utilities.DatabasePopulator] > Setting index 8 for worker1Authenticated.
INFO [acme.framework.utilities.DatabasePopulator] > Setting index 9 for job1.
INFO [acme.framework.utilities.DatabasePopulator] > Setting index 10 for job2.
INFO [acme.framework.utilities.DatabasePopulator] > Setting index 11 for job3.
INFO [acme.framework.utilities.DatabasePopulator] > Setting index 12 for job4.
INFO [acme.framework.utilities.DatabasePopulator] > Setting index 13 for application1.
INFO [acme.framework.utilities.DatabasePopulator] > Setting index 14 for banner1.
INFO [acme.framework.utilities.DatabasePopulator] > Setting index 15 for banner2.
INFO [acme.framework.utilities.DatabasePopulator] > Setting index 16 for banner3.
INFO [acme.framework.utilities.DatabasePopulator] > Setting index 17 for banner4.
INFO [acme.framework.utilities.DatabasePopulator] > Setting index 18 for banner5.
INFO [acme.framework.utilities.DatabasePopulator] Persiting your entities.
INFO [acme.framework.utilities.DatabasePopulator] > Persisting employer1UserAccount = acme.framework.entities.UserAccount{id=6, version=0}
INFO [acme.framework.utilities.DatabasePopulator] > Persisting employer1Employer = acme.entities.roles.Employer{id=7, version=0}
INFO [acme.framework.utilities.DatabasePopulator] > Persisting employer1Authenticated = acme.framework.entities.Authenticated{id=8, version=0}
INFO [acme.framework.utilities.DatabasePopulator] > Persisting employer2UserAccount = acme.framework.entities.UserAccount{id=9, version=0}
INFO [acme.framework.utilities.DatabasePopulator] > Persisting employer2Employer = acme.entities.roles.Employer{id=10, version=0}
INFO [acme.framework.utilities.DatabasePopulator] > Persisting employer2Authenticated = acme.framework.entities.Authenticated{id=11, version=0}
INFO [acme.framework.utilities.DatabasePopulator] > Persisting worker1UserAccount = acme.framework.entities.UserAccount{id=12, version=0}
INFO [acme.framework.utilities.DatabasePopulator] > Persisting worker1Employer = acme.entities.roles.Worker{id=13, version=0}
INFO [acme.framework.utilities.DatabasePopulator] > Persisting worker1Authenticated = acme.framework.entities.Authenticated{id=14, version=0}
INFO [acme.framework.utilities.DatabasePopulator] > Persisting job1 = acme.entities.jobs.Job{id=15, version=0}
INFO [acme.framework.utilities.DatabasePopulator] > Persisting job2 = acme.entities.jobs.Job{id=16, version=0}
INFO [acme.framework.utilities.DatabasePopulator] > Persisting job3 = acme.entities.jobs.Job{id=17, version=0}
INFO [acme.framework.utilities.DatabasePopulator] > Persisting job4 = acme.entities.jobs.Job{id=18, version=0}
INFO [acme.framework.utilities.DatabasePopulator] > Persisting application1 = acme.entities.jobs.Application{id=19, version=0}
INFO [acme.framework.utilities.DatabasePopulator] > Persisting banner1 = acme.entities.banners.Banner{id=20, version=0}
INFO [acme.framework.utilities.DatabasePopulator] > Persisting banner2 = acme.entities.banners.Banner{id=21, version=0}
INFO [acme.framework.utilities.DatabasePopulator] > Persisting banner3 = acme.entities.banners.Banner{id=22, version=0}
INFO [acme.framework.utilities.DatabasePopulator] > Persisting banner4 = acme.entities.banners.Banner{id=23, version=0}
INFO [acme.framework.utilities.DatabasePopulator] > Persisting banner5 = acme.entities.banners.Banner{id=24, version=0}
INFO [acme.framework.configuration.ShutdownConfiguration] The system is shutting down...
INFO [acme.Launcher] Starting Launcher using Java 1.8.0_261 on LAPTOP-3FUDP7BP with PID 15856 (C:\Users\isave\Workspace-21.1\Projects\Acme-Jobs\target\classes started by isave in C:\Users\isave\Workspace-21.1\Projects\Acme-Jobs)
INFO [acme.Launcher] The following profiles are active: development,populator
INFO [acme.Launcher] Started Launcher in 12.201 seconds (JVM running for 13.077)
INFO [acme.framework.utilities.DatabasePopulator] Populating sample data
INFO [acme.framework.utilities.DatabasePopulator] Recreating schema
INFO [acme.framework.utilities.DatabasePopulator] Populating entities from classpath:/WEB-INF/population/initial-data.xml
INFO [acme.framework.utilities.DatabasePopulator] Validating your entities.
INFO [acme.framework.utilities.DatabasePopulator] Validating anonymousUserAccount ... PASS
INFO [acme.framework.utilities.DatabasePopulator] Validating anonymousAnonymous ... PASS
INFO [acme.framework.utilities.DatabasePopulator] Validating administratorUserAccount ... PASS
INFO [acme.framework.utilities.DatabasePopulator] Validating administratorAdministrator ... PASS
INFO [acme.framework.utilities.DatabasePopulator] Validating administratorAuthenticated ... PASS
INFO [acme.framework.utilities.DatabasePopulator] Sorting your entities topologically.
INFO [acme.framework.utilities.DatabasePopulator] > Setting index 0 for anonymousUserAccount.
INFO [acme.framework.utilities.DatabasePopulator] > Setting index 1 for anonymousAnonymous.
INFO [acme.framework.utilities.DatabasePopulator] > Setting index 2 for administratorUserAccount.
INFO [acme.framework.utilities.DatabasePopulator] > Setting index 3 for administratorAdministrator.
INFO [acme.framework.utilities.DatabasePopulator] > Setting index 4 for administratorAuthenticated.
INFO [acme.framework.utilities.DatabasePopulator] Persiting your entities.
INFO [acme.framework.utilities.DatabasePopulator] > Persisting anonymousUserAccount = acme.framework.entities.UserAccount{id=1, version=0}
INFO [acme.framework.utilities.DatabasePopulator] > Persisting anonymousAnonymous = acme.framework.entities.Anonymous{id=2, version=0}
INFO [acme.framework.utilities.DatabasePopulator] > Persisting administratorUserAccount = acme.framework.entities.UserAccount{id=3, version=0}
INFO [acme.framework.utilities.DatabasePopulator] > Persisting administratorAdministrator = acme.framework.entities.Administrator{id=4, version=0}
INFO [acme.framework.utilities.DatabasePopulator] > Persisting administratorAuthenticated = acme.framework.entities.Authenticated{id=5, version=0}
INFO [acme.framework.utilities.DatabasePopulator] Populating entities from classpath:/WEB-INF/population/sample-data.xml
INFO [acme.framework.configuration.ShutdownConfiguration] The system is shutting down...
INFO [acme.Launcher] Starting Launcher using Java 1.8.0_261 on LAPTOP-3FUDP7BP with PID 13328 (C:\Users\isave\Workspace-21.1\Projects\Acme-Jobs\target\classes started by isave in C:\Users\isave\Workspace-21.1\Projects\Acme-Jobs)
INFO [acme.Launcher] The following profiles are active: development,populator
INFO [acme.Launcher] Started Launcher in 10.985 seconds (JVM running for 12.4)
INFO [acme.framework.utilities.DatabasePopulator] Populating sample data
INFO [acme.framework.utilities.DatabasePopulator] Recreating schema
INFO [acme.framework.utilities.DatabasePopulator] Populating entities from classpath:/WEB-INF/population/initial-data.xml
INFO [acme.framework.utilities.DatabasePopulator] Validating your entities.
INFO [acme.framework.utilities.DatabasePopulator] Validating anonymousUserAccount ... PASS
INFO [acme.framework.utilities.DatabasePopulator] Validating anonymousAnonymous ... PASS
INFO [acme.framework.utilities.DatabasePopulator] Validating administratorUserAccount ... PASS
INFO [acme.framework.utilities.DatabasePopulator] Validating administratorAdministrator ... PASS
INFO [acme.framework.utilities.DatabasePopulator] Validating administratorAuthenticated ... PASS
INFO [acme.framework.utilities.DatabasePopulator] Sorting your entities topologically.
INFO [acme.framework.utilities.DatabasePopulator] > Setting index 0 for anonymousUserAccount.
INFO [acme.framework.utilities.DatabasePopulator] > Setting index 1 for anonymousAnonymous.
INFO [acme.framework.utilities.DatabasePopulator] > Setting index 2 for administratorUserAccount.
INFO [acme.framework.utilities.DatabasePopulator] > Setting index 3 for administratorAdministrator.
INFO [acme.framework.utilities.DatabasePopulator] > Setting index 4 for administratorAuthenticated.
INFO [acme.framework.utilities.DatabasePopulator] Persiting your entities.
INFO [acme.framework.utilities.DatabasePopulator] > Persisting anonymousUserAccount = acme.framework.entities.UserAccount{id=1, version=0}
INFO [acme.framework.utilities.DatabasePopulator] > Persisting anonymousAnonymous = acme.framework.entities.Anonymous{id=2, version=0}
INFO [acme.framework.utilities.DatabasePopulator] > Persisting administratorUserAccount = acme.framework.entities.UserAccount{id=3, version=0}
INFO [acme.framework.utilities.DatabasePopulator] > Persisting administratorAdministrator = acme.framework.entities.Administrator{id=4, version=0}
INFO [acme.framework.utilities.DatabasePopulator] > Persisting administratorAuthenticated = acme.framework.entities.Authenticated{id=5, version=0}
INFO [acme.framework.utilities.DatabasePopulator] Populating entities from classpath:/WEB-INF/population/sample-data.xml
INFO [acme.framework.utilities.DatabasePopulator] Validating your entities.
INFO [acme.framework.utilities.DatabasePopulator] Validating shout01 ... PASS
INFO [acme.framework.utilities.DatabasePopulator] Validating shout02 ... PASS
INFO [acme.framework.utilities.DatabasePopulator] Validating shout03 ... PASS
INFO [acme.framework.utilities.DatabasePopulator] Validating employer1UserAccount ... PASS
INFO [acme.framework.utilities.DatabasePopulator] Validating employer1Employer ... PASS
INFO [acme.framework.utilities.DatabasePopulator] Validating employer1Authenticated ... PASS
INFO [acme.framework.utilities.DatabasePopulator] Validating employer2UserAccount ... PASS
INFO [acme.framework.utilities.DatabasePopulator] Validating employer2Employer ... PASS
INFO [acme.framework.utilities.DatabasePopulator] Validating employer2Authenticated ... PASS
INFO [acme.framework.utilities.DatabasePopulator] Validating worker1UserAccount ... PASS
INFO [acme.framework.utilities.DatabasePopulator] Validating worker1Employer ... PASS
INFO [acme.framework.utilities.DatabasePopulator] Validating worker1Authenticated ... PASS
INFO [acme.framework.utilities.DatabasePopulator] Validating job1 ... PASS
INFO [acme.framework.utilities.DatabasePopulator] Validating job2 ... PASS
INFO [acme.framework.utilities.DatabasePopulator] Validating job3 ... PASS
INFO [acme.framework.utilities.DatabasePopulator] Validating job4 ... PASS
INFO [acme.framework.utilities.DatabasePopulator] Validating application1 ... PASS
INFO [acme.framework.utilities.DatabasePopulator] Validating banner1 ... PASS
INFO [acme.framework.utilities.DatabasePopulator] Validating banner2 ... PASS
INFO [acme.framework.utilities.DatabasePopulator] Validating banner3 ... PASS
INFO [acme.framework.utilities.DatabasePopulator] Validating banner4 ... PASS
INFO [acme.framework.utilities.DatabasePopulator] Validating banner5 ... PASS
INFO [acme.framework.utilities.DatabasePopulator] Sorting your entities topologically.
INFO [acme.framework.utilities.DatabasePopulator] > Setting index 0 for shout01.
INFO [acme.framework.utilities.DatabasePopulator] > Setting index 1 for shout02.
INFO [acme.framework.utilities.DatabasePopulator] > Setting index 2 for shout03.
INFO [acme.framework.utilities.DatabasePopulator] > Setting index 3 for employer1UserAccount.
INFO [acme.framework.utilities.DatabasePopulator] > Setting index 4 for employer1Employer.
INFO [acme.framework.utilities.DatabasePopulator] > Setting index 5 for employer1Authenticated.
INFO [acme.framework.utilities.DatabasePopulator] > Setting index 6 for employer2UserAccount.
INFO [acme.framework.utilities.DatabasePopulator] > Setting index 7 for employer2Employer.
INFO [acme.framework.utilities.DatabasePopulator] > Setting index 8 for employer2Authenticated.
INFO [acme.framework.utilities.DatabasePopulator] > Setting index 9 for worker1UserAccount.
INFO [acme.framework.utilities.DatabasePopulator] > Setting index 10 for worker1Employer.
INFO [acme.framework.utilities.DatabasePopulator] > Setting index 11 for worker1Authenticated.
INFO [acme.framework.utilities.DatabasePopulator] > Setting index 12 for job1.
INFO [acme.framework.utilities.DatabasePopulator] > Setting index 13 for job2.
INFO [acme.framework.utilities.DatabasePopulator] > Setting index 14 for job3.
INFO [acme.framework.utilities.DatabasePopulator] > Setting index 15 for job4.
INFO [acme.framework.utilities.DatabasePopulator] > Setting index 16 for application1.
INFO [acme.framework.utilities.DatabasePopulator] > Setting index 17 for banner1.
INFO [acme.framework.utilities.DatabasePopulator] > Setting index 18 for banner2.
INFO [acme.framework.utilities.DatabasePopulator] > Setting index 19 for banner3.
INFO [acme.framework.utilities.DatabasePopulator] > Setting index 20 for banner4.
INFO [acme.framework.utilities.DatabasePopulator] > Setting index 21 for banner5.
INFO [acme.framework.utilities.DatabasePopulator] Persiting your entities.
INFO [acme.framework.utilities.DatabasePopulator] > Persisting shout01 = acme.entities.shouts.Shout{id=6, version=0}
INFO [acme.framework.utilities.DatabasePopulator] > Persisting shout02 = acme.entities.shouts.Shout{id=7, version=0}
INFO [acme.framework.utilities.DatabasePopulator] > Persisting shout03 = acme.entities.shouts.Shout{id=8, version=0}
INFO [acme.framework.utilities.DatabasePopulator] > Persisting employer1UserAccount = acme.framework.entities.UserAccount{id=9, version=0}
INFO [acme.framework.utilities.DatabasePopulator] > Persisting employer1Employer = acme.entities.roles.Employer{id=10, version=0}
INFO [acme.framework.utilities.DatabasePopulator] > Persisting employer1Authenticated = acme.framework.entities.Authenticated{id=11, version=0}
INFO [acme.framework.utilities.DatabasePopulator] > Persisting employer2UserAccount = acme.framework.entities.UserAccount{id=12, version=0}
INFO [acme.framework.utilities.DatabasePopulator] > Persisting employer2Employer = acme.entities.roles.Employer{id=13, version=0}
INFO [acme.framework.utilities.DatabasePopulator] > Persisting employer2Authenticated = acme.framework.entities.Authenticated{id=14, version=0}
INFO [acme.framework.utilities.DatabasePopulator] > Persisting worker1UserAccount = acme.framework.entities.UserAccount{id=15, version=0}
INFO [acme.framework.utilities.DatabasePopulator] > Persisting worker1Employer = acme.entities.roles.Worker{id=16, version=0}
INFO [acme.framework.utilities.DatabasePopulator] > Persisting worker1Authenticated = acme.framework.entities.Authenticated{id=17, version=0}
INFO [acme.framework.utilities.DatabasePopulator] > Persisting job1 = acme.entities.jobs.Job{id=18, version=0}
INFO [acme.framework.utilities.DatabasePopulator] > Persisting job2 = acme.entities.jobs.Job{id=19, version=0}
INFO [acme.framework.utilities.DatabasePopulator] > Persisting job3 = acme.entities.jobs.Job{id=20, version=0}
INFO [acme.framework.utilities.DatabasePopulator] > Persisting job4 = acme.entities.jobs.Job{id=21, version=0}
INFO [acme.framework.utilities.DatabasePopulator] > Persisting application1 = acme.entities.jobs.Application{id=22, version=0}
INFO [acme.framework.utilities.DatabasePopulator] > Persisting banner1 = acme.entities.banners.Banner{id=23, version=0}
INFO [acme.framework.utilities.DatabasePopulator] > Persisting banner2 = acme.entities.banners.Banner{id=24, version=0}
INFO [acme.framework.utilities.DatabasePopulator] > Persisting banner3 = acme.entities.banners.Banner{id=25, version=0}
INFO [acme.framework.utilities.DatabasePopulator] > Persisting banner4 = acme.entities.banners.Banner{id=26, version=0}
INFO [acme.framework.utilities.DatabasePopulator] > Persisting banner5 = acme.entities.banners.Banner{id=27, version=0}
INFO [acme.framework.configuration.ShutdownConfiguration] The system is shutting down...
ERROR [org.hibernate.hql.internal.ast.ErrorTracker] line 1:10: unexpected token: form
ERROR [org.hibernate.hql.internal.ast.ErrorTracker] at org.hibernate.hql.internal.antlr.HqlBaseParser.aliasedExpression(HqlBaseParser.java:2620): unexpected token: form
WARN [org.springframework.boot.web.servlet.context.AnnotationConfigServletWebServerApplicationContext] Exception encountered during context initialization - cancelling refresh attempt: org.springframework.beans.factory.UnsatisfiedDependencyException: Error creating bean with name 'anonymousShoutController': Unsatisfied dependency expressed through field 'listService'; nested exception is org.springframework.beans.factory.UnsatisfiedDependencyException: Error creating bean with name 'anonymousShoutListService': Unsatisfied dependency expressed through field 'repository'; nested exception is org.springframework.beans.factory.BeanCreationException: Error creating bean with name 'anonymousShoutRepository' defined in acme.features.anonymous.shout.AnonymousShoutRepository defined in @EnableJpaRepositories declared on JpaRepositoriesRegistrar.EnableJpaRepositoriesConfiguration: Invocation of init method failed; nested exception is java.lang.IllegalArgumentException: Validation failed for query for method public abstract java.util.Collection acme.features.anonymous.shout.AnonymousShoutRepository.findMany()!
ERROR [org.springframework.boot.SpringApplication] at org.springframework.beans.factory.annotation.AutowiredAnnotationBeanPostProcessor$AutowiredFieldElement.inject(AutowiredAnnotationBeanPostProcessor.java:643): Error creating bean with name 'anonymousShoutController': Unsatisfied dependency expressed through field 'listService'; nested exception is org.springframework.beans.factory.UnsatisfiedDependencyException: Error creating bean with name 'anonymousShoutListService': Unsatisfied dependency expressed through field 'repository'; nested exception is org.springframework.beans.factory.BeanCreationException: Error creating bean with name 'anonymousShoutRepository' defined in acme.features.anonymous.shout.AnonymousShoutRepository defined in @EnableJpaRepositories declared on JpaRepositoriesRegistrar.EnableJpaRepositoriesConfiguration: Invocation of init method failed; nested exception is java.lang.IllegalArgumentException: Validation failed for query for method public abstract java.util.Collection acme.features.anonymous.shout.AnonymousShoutRepository.findMany()!
at org.springframework.beans.factory.annotation.AutowiredAnnotationBeanPostProcessor$AutowiredFieldElement.inject(AutowiredAnnotationBeanPostProcessor.java:643): Error creating bean with name 'anonymousShoutListService': Unsatisfied dependency expressed through field 'repository'; nested exception is org.springframework.beans.factory.BeanCreationException: Error creating bean with name 'anonymousShoutRepository' defined in acme.features.anonymous.shout.AnonymousShoutRepository defined in @EnableJpaRepositories declared on JpaRepositoriesRegistrar.EnableJpaRepositoriesConfiguration: Invocation of init method failed; nested exception is java.lang.IllegalArgumentException: Validation failed for query for method public abstract java.util.Collection acme.features.anonymous.shout.AnonymousShoutRepository.findMany()!
at org.springframework.beans.factory.support.AbstractAutowireCapableBeanFactory.initializeBean(AbstractAutowireCapableBeanFactory.java:1788): Error creating bean with name 'anonymousShoutRepository' defined in acme.features.anonymous.shout.AnonymousShoutRepository defined in @EnableJpaRepositories declared on JpaRepositoriesRegistrar.EnableJpaRepositoriesConfiguration: Invocation of init method failed; nested exception is java.lang.IllegalArgumentException: Validation failed for query for method public abstract java.util.Collection acme.features.anonymous.shout.AnonymousShoutRepository.findMany()!
at org.springframework.data.jpa.repository.query.SimpleJpaQuery.validateQuery(SimpleJpaQuery.java:93): Validation failed for query for method public abstract java.util.Collection acme.features.anonymous.shout.AnonymousShoutRepository.findMany()!
at org.hibernate.internal.ExceptionConverterImpl.convert(ExceptionConverterImpl.java:138): org.hibernate.hql.internal.ast.QuerySyntaxException: unexpected token: form near line 1, column 10 [select s form Shout s]
at org.hibernate.hql.internal.ast.QuerySyntaxException.convert(QuerySyntaxException.java:74): unexpected token: form near line 1, column 10 [select s form Shout s]
